<?xml version="1.0" encoding="UTF-8"?>
<!-- Generated by org.testng.reporters.JUnitXMLReporter -->
<testsuite ignored="0" hostname="LAPTOP-GE5A639S" failures="0" tests="4" name="Test" time="0.029" errors="0" timestamp="2021-10-13T23:17:22 IST">
  <testcase classname="test_classes.classB" name="testB" time="0.002"/>
  <testcase classname="test_classes.classB" name="testA" time="0.002"/>
  <testcase classname="test_classes.classB" name="testC" time="0.002"/>
  <testcase classname="test_classes.classB" name="testD" time="0.002"/>
</testsuite> <!-- Test -->
