<?xml version="1.0" encoding="UTF-8"?>
<testng-results ignored="0" total="5" passed="5" failed="0" skipped="0">
  <reporter-output>
  </reporter-output>
  <suite started-at="2021-10-13T23:17:22 IST" name="Suite" finished-at="2021-10-13T23:17:22 IST" duration-ms="197">
    <groups>
    </groups>
    <test started-at="2021-10-13T23:17:22 IST" name="Test1" finished-at="2021-10-13T23:17:22 IST" duration-ms="77">
      <class name="test_classes.classA">
        <test-method is-config="true" signature="bt()[pri:0, instance:test_classes.classA@1e04fa0a]" started-at="2021-10-13T23:17:22 IST" name="bt" finished-at="2021-10-13T23:17:22 IST" duration-ms="2" status="PASS">
          <reporter-output>
          </reporter-output>
        </test-method> <!-- bt -->
        <test-method is-config="true" signature="bc()[pri:0, instance:test_classes.classA@1e04fa0a]" started-at="2021-10-13T23:17:22 IST" name="bc" finished-at="2021-10-13T23:17:22 IST" duration-ms="0" status="PASS">
          <reporter-output>
          </reporter-output>
        </test-method> <!-- bc -->
        <test-method is-config="true" signature="bm()[pri:0, instance:test_classes.classA@1e04fa0a]" started-at="2021-10-13T23:17:22 IST" name="bm" finished-at="2021-10-13T23:17:22 IST" duration-ms="0" status="PASS">
          <reporter-output>
          </reporter-output>
        </test-method> <!-- bm -->
        <test-method signature="testA()[pri:1, instance:test_classes.classA@1e04fa0a]" started-at="2021-10-13T23:17:22 IST" name="testA" finished-at="2021-10-13T23:17:22 IST" duration-ms="8" status="PASS">
          <reporter-output>
          </reporter-output>
        </test-method> <!-- testA -->
        <test-method is-config="true" signature="am()[pri:0, instance:test_classes.classA@1e04fa0a]" started-at="2021-10-13T23:17:22 IST" name="am" finished-at="2021-10-13T23:17:22 IST" duration-ms="0" status="PASS">
          <reporter-output>
          </reporter-output>
        </test-method> <!-- am -->
        <test-method is-config="true" signature="ac()[pri:0, instance:test_classes.classA@1e04fa0a]" started-at="2021-10-13T23:17:22 IST" name="ac" finished-at="2021-10-13T23:17:22 IST" duration-ms="1" status="PASS">
          <reporter-output>
          </reporter-output>
        </test-method> <!-- ac -->
        <test-method is-config="true" signature="at()[pri:0, instance:test_classes.classA@1e04fa0a]" started-at="2021-10-13T23:17:22 IST" name="at" finished-at="2021-10-13T23:17:22 IST" duration-ms="1" status="PASS">
          <reporter-output>
          </reporter-output>
        </test-method> <!-- at -->
      </class> <!-- test_classes.classA -->
    </test> <!-- Test1 -->
    <test started-at="2021-10-13T23:17:22 IST" name="Test" finished-at="2021-10-13T23:17:22 IST" duration-ms="29">
      <class name="test_classes.classA">
        <test-method is-config="true" signature="bs()[pri:0, instance:test_classes.classA@1e04fa0a]" started-at="2021-10-13T23:17:21 IST" name="bs" finished-at="2021-10-13T23:17:22 IST" duration-ms="17" status="PASS">
          <reporter-output>
          </reporter-output>
        </test-method> <!-- bs -->
        <test-method is-config="true" signature="as()[pri:0, instance:test_classes.classA@1e04fa0a]" started-at="2021-10-13T23:17:22 IST" name="as" finished-at="2021-10-13T23:17:22 IST" duration-ms="0" status="PASS">
          <reporter-output>
          </reporter-output>
        </test-method> <!-- as -->
      </class> <!-- test_classes.classA -->
      <class name="test_classes.classB">
        <test-method is-config="true" signature="bc()[pri:0, instance:test_classes.classB@23c30a20]" started-at="2021-10-13T23:17:22 IST" name="bc" finished-at="2021-10-13T23:17:22 IST" duration-ms="0" status="PASS">
          <reporter-output>
          </reporter-output>
        </test-method> <!-- bc -->
        <test-method is-config="true" signature="bm()[pri:0, instance:test_classes.classB@23c30a20]" started-at="2021-10-13T23:17:22 IST" name="bm" finished-at="2021-10-13T23:17:22 IST" duration-ms="1" status="PASS">
          <reporter-output>
          </reporter-output>
        </test-method> <!-- bm -->
        <test-method signature="testB()[pri:0, instance:test_classes.classB@23c30a20]" started-at="2021-10-13T23:17:22 IST" name="testB" finished-at="2021-10-13T23:17:22 IST" duration-ms="2" status="PASS">
          <reporter-output>
          </reporter-output>
        </test-method> <!-- testB -->
        <test-method is-config="true" signature="bm()[pri:0, instance:test_classes.classB@23c30a20]" started-at="2021-10-13T23:17:22 IST" name="bm" finished-at="2021-10-13T23:17:22 IST" duration-ms="1" status="PASS">
          <reporter-output>
          </reporter-output>
        </test-method> <!-- bm -->
        <test-method signature="testA()[pri:1, instance:test_classes.classB@23c30a20]" started-at="2021-10-13T23:17:22 IST" name="testA" finished-at="2021-10-13T23:17:22 IST" duration-ms="2" status="PASS">
          <reporter-output>
          </reporter-output>
        </test-method> <!-- testA -->
        <test-method is-config="true" signature="bm()[pri:0, instance:test_classes.classB@23c30a20]" started-at="2021-10-13T23:17:22 IST" name="bm" finished-at="2021-10-13T23:17:22 IST" duration-ms="1" status="PASS">
          <reporter-output>
          </reporter-output>
        </test-method> <!-- bm -->
        <test-method signature="testC()[pri:2, instance:test_classes.classB@23c30a20]" started-at="2021-10-13T23:17:22 IST" name="testC" finished-at="2021-10-13T23:17:22 IST" duration-ms="2" status="PASS">
          <reporter-output>
          </reporter-output>
        </test-method> <!-- testC -->
        <test-method is-config="true" signature="bm()[pri:0, instance:test_classes.classB@23c30a20]" started-at="2021-10-13T23:17:22 IST" name="bm" finished-at="2021-10-13T23:17:22 IST" duration-ms="1" status="PASS">
          <reporter-output>
          </reporter-output>
        </test-method> <!-- bm -->
        <test-method signature="testD()[pri:3, instance:test_classes.classB@23c30a20]" started-at="2021-10-13T23:17:22 IST" name="testD" finished-at="2021-10-13T23:17:22 IST" duration-ms="2" status="PASS">
          <reporter-output>
          </reporter-output>
        </test-method> <!-- testD -->
      </class> <!-- test_classes.classB -->
    </test> <!-- Test -->
  </suite> <!-- Suite -->
</testng-results>
